<?xml version="1.0" encoding="UTF-8"?>
<!-- Generated by org.testng.reporters.JUnitReportReporter -->
<testsuite skipped="0" hostname="DESKTOP-0MOI0ET" name="DataDrivenFramework.NewTest" tests="2" failures="0" timestamp="07 May 2018 02:02:51 GMT" time="10.910" errors="0">
  <testcase name="login" time="10.898" classname="DataDrivenFramework.NewTest"/>
  <testcase name="firstTest" time="0.012" classname="DataDrivenFramework.NewTest"/>
</testsuite> <!-- DataDrivenFramework.NewTest -->
