<?xml version="1.0" encoding="UTF-8"?>
<!-- Generated by org.testng.reporters.JUnitReportReporter -->
<testsuite skipped="0" hostname="DESKTOP-0MOI0ET" name="TestNGProject.NewTest" tests="5" failures="0" timestamp="07 May 2018 00:09:49 GMT" time="0.010" errors="0">
  <testcase name="thirdTest" time="0.004" classname="TestNGProject.NewTest"/>
  <testcase name="thirdTest" time="0.001" classname="TestNGProject.NewTest"/>
  <testcase name="secondTest" time="0.002" classname="TestNGProject.NewTest"/>
  <testcase name="thirdTest" time="0.001" classname="TestNGProject.NewTest"/>
  <testcase name="testa" time="0.002" classname="TestNGProject.NewTest"/>
</testsuite> <!-- TestNGProject.NewTest -->
