<?xml version="1.0" encoding="UTF-8"?>
<!-- Generated by org.testng.reporters.JUnitReportReporter -->
<testsuite skipped="0" hostname="DESKTOP-0MOI0ET" name="Repo.brokenlinks" tests="1" failures="0" timestamp="08 Jul 2018 16:59:35 GMT" time="27.485" errors="0">
  <testcase name="brokenlinkTest" time="27.485" classname="Repo.brokenlinks"/>
</testsuite> <!-- Repo.brokenlinks -->
