<?xml version="1.0" encoding="UTF-8"?>
<!-- Generated by org.testng.reporters.JUnitReportReporter -->
<testsuite skipped="0" hostname="DESKTOP-0MOI0ET" name="TestNGProject.Testday2" tests="2" failures="0" timestamp="07 May 2018 00:09:49 GMT" time="0.010" errors="0">
  <testcase name="testa" time="0.004" classname="TestNGProject.Testday2"/>
  <testcase name="testB" time="0.006" classname="TestNGProject.Testday2"/>
</testsuite> <!-- TestNGProject.Testday2 -->
