<?xml version="1.0" encoding="UTF-8"?>
<!-- Generated by org.testng.reporters.JUnitReportReporter -->
<testsuite skipped="0" hostname="DESKTOP-0MOI0ET" name="DataDrivenFramework.AnotherClass" tests="1" failures="0" timestamp="07 May 2018 02:06:47 GMT" time="9.107" errors="0">
  <testcase name="f" time="9.107" classname="DataDrivenFramework.AnotherClass"/>
</testsuite> <!-- DataDrivenFramework.AnotherClass -->
