<?xml version="1.0" encoding="UTF-8"?>
<!-- Generated by org.testng.reporters.JUnitReportReporter -->
<testsuite skipped="7" hostname="DESKTOP-0MOI0ET" name="heroKuapp.HeroKuappallTest" tests="8" failures="0" timestamp="10 Jul 2018 16:19:14 GMT" time="7.956" errors="0">
  <testcase name="DragAndDrop" time="7.956" classname="heroKuapp.HeroKuappallTest"/>
  <testcase name="challangingDom" classname="heroKuapp.HeroKuappallTest">
    <skipped/>
  </testcase> <!-- challangingDom -->
  <testcase name="BrokenImage" classname="heroKuapp.HeroKuappallTest">
    <skipped/>
  </testcase> <!-- BrokenImage -->
  <testcase name="ABTesting" classname="heroKuapp.HeroKuappallTest">
    <skipped/>
  </testcase> <!-- ABTesting -->
  <testcase name="checkBoxes" classname="heroKuapp.HeroKuappallTest">
    <skipped/>
  </testcase> <!-- checkBoxes -->
  <testcase name="BasicAuth" classname="heroKuapp.HeroKuappallTest">
    <skipped/>
  </testcase> <!-- BasicAuth -->
  <testcase name="contextMenu" classname="heroKuapp.HeroKuappallTest">
    <skipped/>
  </testcase> <!-- contextMenu -->
  <testcase name="disappearingElements" classname="heroKuapp.HeroKuappallTest">
    <skipped/>
  </testcase> <!-- disappearingElements -->
</testsuite> <!-- heroKuapp.HeroKuappallTest -->
